<?xml version="1.0" encoding="UTF-8"?>
<testng-results ignored="0" total="1" passed="1" failed="0" skipped="0">
  <reporter-output>
  </reporter-output>
  <suite started-at="2020-06-21T01:27:09 IST" name="Default suite" finished-at="2020-06-21T01:28:35 IST" duration-ms="85346">
    <groups>
    </groups>
    <test started-at="2020-06-21T01:27:09 IST" name="Default test" finished-at="2020-06-21T01:28:35 IST" duration-ms="85346">
      <class name="APITesting.com.org.api.Main_API">
        <test-method signature="API_Call()[pri:0, instance:APITesting.com.org.api.Main_API@794cb805]" started-at="2020-06-21T01:27:09 IST" name="API_Call" finished-at="2020-06-21T01:28:35 IST" duration-ms="85271" status="PASS">
          <reporter-output>
          </reporter-output>
        </test-method> <!-- API_Call -->
      </class> <!-- APITesting.com.org.api.Main_API -->
    </test> <!-- Default test -->
  </suite> <!-- Default suite -->
</testng-results>
