<?xml version="1.0" encoding="UTF-8"?>
<!-- Generated by org.testng.reporters.JUnitXMLReporter -->
<testsuite ignored="0" hostname="Manik" failures="1" tests="1" name="CurrentWeather" time="143.134" errors="0" timestamp="2020-06-19T17:44:02 IST">
  <testcase classname="APITesting.com.org.api.Current_Weather" name="Test_01" time="143.046">
    <failure type="com.twilio.exception.ApiException" message="The number  is unverified. Trial accounts cannot send messages to unverified numbers; verify  at twilio.com/user/account/phone-numbers/verified, or purchase a Twilio number to send messages to unverified numbers.">
      <![CDATA[com.twilio.exception.ApiException: The number  is unverified. Trial accounts cannot send messages to unverified numbers; verify  at twilio.com/user/account/phone-numbers/verified, or purchase a Twilio number to send messages to unverified numbers.
at com.twilio.rest.api.v2010.account.MessageCreator.create(MessageCreator.java:510)
at com.twilio.rest.api.v2010.account.MessageCreator.create(MessageCreator.java:25)
at com.twilio.base.Creator.create(Creator.java:45)
at APITesting.com.org.classes.Delivery_SMS.Send_SMS(Delivery_SMS.java:53)
at APITesting.com.org.api.Current_Weather.Test_01(Current_Weather.java:179)
at java.base/java.util.ArrayList.forEach(ArrayList.java:1510)
... Removed 27 stack frames]]>
    </failure>
  </testcase> <!-- Test_01 -->
</testsuite> <!-- CurrentWeather -->
